<?xml version="1.0" encoding="UTF-8"?>
<beans xmlns="http://www.springframework.org/schema/beans"
       xmlns:xsi="http://www.w3.org/2001/XMLSchema-instance"
       xmlns:context="http://www.springframework.org/schema/context"
       xsi:schemaLocation="http://www.springframework.org/schema/beans
       http://www.springframework.org/schema/beans/spring-beans.xsd
       http://www.springframework.org/schema/context
       http://www.springframework.org/schema/context/spring-context.xsd">

    <import resource="classpath:spring/mvc-core-config.xml"/>

    <beans profile="services">
        <import resource="classpath:spring/datasource-config.xml"/>

        <context:component-scan base-package="ua.com.mcgray.service"/>

    </beans>

    <beans profile="mocks">
        <bean id="toDoService" class="org.mockito.Mockito" factory-method="mock" >
            <constructor-arg value="ua.com.mcgray.service.ToDoService" />
        </bean>
        <bean id="toDoRepository" class="org.mockito.Mockito" factory-method="mock" >
            <constructor-arg value="ua.com.mcgray.repository.ToDoRepository" />
        </bean>
        <bean id="toDoShareAccountRepository" class="org.mockito.Mockito" factory-method="mock" >
            <constructor-arg value="ua.com.mcgray.repository.ToDoShareAccountRepository" />
        </bean>
    </beans>


</beans>