<?xml version="1.0" encoding="UTF-8"?>
<!--
    Repository and Service layers
-->
<beans xmlns="http://www.springframework.org/schema/beans" xmlns:xsi="http://www.w3.org/2001/XMLSchema-instance"
       xmlns:p="http://www.springframework.org/schema/p" xmlns:context="http://www.springframework.org/schema/context"
       xmlns:tx="http://www.springframework.org/schema/tx" xmlns:jpa="http://www.springframework.org/schema/data/jpa"
       xmlns:jdbc="http://www.springframework.org/schema/jdbc"
       xsi:schemaLocation="http://www.springframework.org/schema/beans http://www.springframework.org/schema/beans/spring-beans.xsd
		http://www.springframework.org/schema/data/jpa http://www.springframework.org/schema/data/jpa/spring-jpa.xsd
		http://www.springframework.org/schema/tx http://www.springframework.org/schema/tx/spring-tx.xsd
		http://www.springframework.org/schema/context http://www.springframework.org/schema/context/spring-context.xsd http://www.springframework.org/schema/jdbc http://www.springframework.org/schema/jdbc/spring-jdbc.xsd">

    <!-- ========================= RESOURCE DEFINITIONS ========================= -->

    <!-- Configurer that replaces ${...} placeholders with values from a properties file -->
    <!-- (in this case, JDBC-related settings for the JPA EntityManager definition below) -->
    <context:property-placeholder location="classpath:spring/data-access.properties"/>

    <!-- enables scanning for @Transactional annotations -->
    <tx:annotation-driven />

    <jdbc:embedded-database id="dataSource" type="H2" />

    <bean class="org.springframework.jdbc.datasource.init.DataSourceInitializer"
          depends-on="entityManagerFactory">
        <property name="databasePopulator" ref="resourceDatabasePopulator" />
        <property name="dataSource" ref="dataSource" />
    </bean>

    <bean id="resourceDatabasePopulator"
          class="org.springframework.jdbc.datasource.init.ResourceDatabasePopulator">
        <property name="scripts">
            <array>
                <value>classpath*:db/init-todoshare.sql</value>
            </array>
        </property>
    </bean>

    <jpa:repositories base-package="ua.com.mcgray.repository.jpa"/>

    <!-- JPA EntityManagerFactory -->
    <bean id="entityManagerFactory"
          class="org.springframework.orm.jpa.LocalContainerEntityManagerFactoryBean">
        <property name="dataSource" ref="dataSource" />
        <property name="persistenceUnitName" value="todoshare" />
        <property name="packagesToScan">
            <list>
                <value>ua.com.mcgray.domain</value>
            </list>
        </property>
        <property name="jpaVendorAdapter">
            <bean class="org.springframework.orm.jpa.vendor.HibernateJpaVendorAdapter">
                <property name="showSql" value="true" />
                <property name="generateDdl" value="true" />
                <property name="database" value="H2" />
            </bean>
        </property>
    </bean>

    <!-- Transaction manager for a single JPA EntityManagerFactory (alternative to JTA) -->
    <bean id="transactionManager" class="org.springframework.orm.jpa.JpaTransactionManager"
          p:entityManagerFactory-ref="entityManagerFactory"/>


    <!--
        Post-processor to perform exception translation on @Repository classes (from native
        exceptions such as JPA PersistenceExceptions to Spring's DataAccessException hierarchy).
    -->
    <bean class="org.springframework.dao.annotation.PersistenceExceptionTranslationPostProcessor"/>



</beans>